


ARM Macro Assembler    Page 1 


    1 00000000         ;****************** main.s ***************
    2 00000000         ; Program written by: Kyle Sikora and Briar Coker
    3 00000000         ; Date Created: 1/24/2015 
    4 00000000         ; Last Modified: 1/24/2015 
    5 00000000         ; Section 1-2pm     TA: Wooseok Lee
    6 00000000         ; Lab number: 1
    7 00000000         ; Brief description of the program
    8 00000000         ; The overall objective of this system is a digital lock
                       
    9 00000000         ; Hardware connections
   10 00000000         ;  PE3 is switch input  (1 means switch is not pressed, 
                       0 means switch is pressed)
   11 00000000         ;  PE4 is switch input  (1 means switch is not pressed, 
                       0 means switch is pressed)
   12 00000000         ;  PE2 is LED output (0 means door is locked, 1 means do
                       or is unlocked) 
   13 00000000         ; The specific operation of this system is to 
   14 00000000         ;   unlock if both switches are pressed
   15 00000000         
   16 00000000 400243FC 
                       GPIO_PORTE_DATA_R
                               EQU              0x400243FC
   17 00000000 40024400 
                       GPIO_PORTE_DIR_R
                               EQU              0x40024400
   18 00000000 40024420 
                       GPIO_PORTE_AFSEL_R
                               EQU              0x40024420
   19 00000000 4002451C 
                       GPIO_PORTE_DEN_R
                               EQU              0x4002451C
   20 00000000 40024528 
                       GPIO_PORTE_AMSEL_R
                               EQU              0x40024528
   21 00000000 4002452C 
                       GPIO_PORTE_PCTL_R
                               EQU              0x4002452C
   22 00000000 400FE608 
                       SYSCTL_RCGCGPIO_R
                               EQU              0x400FE608
   23 00000000 400FE108 
                       SYSCTL_RCGC2_R
                               EQU              0x400FE108
   24 00000000         
   25 00000000                 AREA             |.text|, CODE, READONLY, ALIGN=
2
   26 00000000                 THUMB
   27 00000000                 EXPORT           Start
   28 00000000         Start
   29 00000000         ;PE2 = 0 off, 1 ON
   30 00000000         ;PE3 = input switch = 1 notpress, 0 pressed
   31 00000000         ;PE4 = input switch = 1 notpress, 0 pressed
   32 00000000         ;PE2 = 1 if and only if PE3 = 0 && PE4 = 0
   33 00000000         
   34 00000000         ;Activate PortE  from System Control
   35 00000000         ;LDR R1,= SYSCTL_RCGC2_R
   36 00000000         ;LDR R0,[R1]
   37 00000000         ;ORR R0,R0,#0x10
   38 00000000         ;STR R0,[R1]



ARM Macro Assembler    Page 2 


   39 00000000         ;NOP
   40 00000000         ;NOP
   41 00000000         ;Turn on Port E Clock and wait 2 clock cycles
   42 00000000 4915            LDR              R1,= SYSCTL_RCGCGPIO_R
   43 00000002 6808            LDR              R0,[R1]
   44 00000004 F040 0010       ORR              R0,R0,#0x10
   45 00000008 6008            STR              R0,[R1]
   46 0000000A BF00            NOP
   47 0000000C BF00            NOP
   48 0000000E         ;Set Direction Register (output PE2, input: PE3, PE4) 1=
                       output 0=input
   49 0000000E 4913            LDR              R1,=GPIO_PORTE_DIR_R
   50 00000010 6808            LDR              R0,[R1]
   51 00000012 F040 0004       ORR              R0,#0x04
   52 00000016 F020 0018       BIC              R0,#0x18
   53 0000001A 6008            STR              R0,[R1]
   54 0000001C         ;Disable Alternate Functions of Registers 
   55 0000001C 4910            LDR              R1,= GPIO_PORTE_AFSEL_R
   56 0000001E 6808            LDR              R0, [R1]
   57 00000020 F020 001C       BIC              R0,#0x1C
   58 00000024 6008            STR              R0,[R1]
   59 00000026         ;Enable Digital I/o Port
   60 00000026 490F            LDR              R1,=GPIO_PORTE_DEN_R
   61 00000028 6808            LDR              R0,[R1]
   62 0000002A F040 001C       ORR              R0,#0x1C
   63 0000002E 6008            STR              R0,[R1]
   64 00000030         
   65 00000030         ;R1 = PORTE data address location
   66 00000030 490D            LDR              R1,=GPIO_PORTE_DATA_R
   67 00000032         loop
   68 00000032         ;Get PORTE DATA
   69 00000032 6808            LDR              R0,[R1]
   70 00000034         ;Test if PE3 is 0, else Branch to loop
   71 00000034 4603            MOV              R3,R0
   72 00000036 F003 0308       AND              R3,#0x08
   73 0000003A 2B00            CMP              R3,#0x00
   74 0000003C D108            BNE              TurnOff
   75 0000003E         ;Test if PE4 is 0, else Branch to loop
   76 0000003E 4604            MOV              R4,R0
   77 00000040 F004 0410       AND              R4,#0x10
   78 00000044 2C00            CMP              R4,#0x00
   79 00000046 D103            BNE              TurnOff
   80 00000048         ;Else Turn ON PE2
   81 00000048 F040 0004       ORR              R0,#0x04
   82 0000004C 6008            STR              R0,[R1]
   83 0000004E E7F0            B                loop
   84 00000050         TurnOff
   85 00000050 F020 0004       BIC              R0,#0x04
   86 00000054 6008            STR              R0,[R1]
   87 00000056 E7EC            B                loop
   88 00000058         
   89 00000058                 ALIGN                        ; make sure the end
                                                             of this section is
                                                             aligned
   90 00000058                 END                          ; end of file
              400FE608 
              40024400 
              40024420 
              4002451C 



ARM Macro Assembler    Page 3 


              400243FC 
Command Line: --debug --xref --cpu=Cortex-M4 --apcs=interwork --depend=.\main.d
 -o.\main.o -IC:\Keil\ARM\RV31\INC -IC:\Keil\ARM\CMSIS\Include -IC:\Keil\ARM\In
c\Luminary --predefine="__EVAL SETA 1" --list=.\main.lst main.s



ARM Macro Assembler    Page 1 Alphabetic symbol ordering
Relocatable symbols

.text 00000000

Symbol: .text
   Definitions
      At line 25 in file main.s
   Uses
      None
Comment: .text unused
Start 00000000

Symbol: Start
   Definitions
      At line 28 in file main.s
   Uses
      At line 27 in file main.s
Comment: Start used once
TurnOff 00000050

Symbol: TurnOff
   Definitions
      At line 84 in file main.s
   Uses
      At line 74 in file main.s
      At line 79 in file main.s

loop 00000032

Symbol: loop
   Definitions
      At line 67 in file main.s
   Uses
      At line 83 in file main.s
      At line 87 in file main.s

4 symbols



ARM Macro Assembler    Page 1 Alphabetic symbol ordering
Absolute symbols

GPIO_PORTE_AFSEL_R 40024420

Symbol: GPIO_PORTE_AFSEL_R
   Definitions
      At line 18 in file main.s
   Uses
      At line 55 in file main.s
Comment: GPIO_PORTE_AFSEL_R used once
GPIO_PORTE_AMSEL_R 40024528

Symbol: GPIO_PORTE_AMSEL_R
   Definitions
      At line 20 in file main.s
   Uses
      None
Comment: GPIO_PORTE_AMSEL_R unused
GPIO_PORTE_DATA_R 400243FC

Symbol: GPIO_PORTE_DATA_R
   Definitions
      At line 16 in file main.s
   Uses
      At line 66 in file main.s
Comment: GPIO_PORTE_DATA_R used once
GPIO_PORTE_DEN_R 4002451C

Symbol: GPIO_PORTE_DEN_R
   Definitions
      At line 19 in file main.s
   Uses
      At line 60 in file main.s
Comment: GPIO_PORTE_DEN_R used once
GPIO_PORTE_DIR_R 40024400

Symbol: GPIO_PORTE_DIR_R
   Definitions
      At line 17 in file main.s
   Uses
      At line 49 in file main.s
Comment: GPIO_PORTE_DIR_R used once
GPIO_PORTE_PCTL_R 4002452C

Symbol: GPIO_PORTE_PCTL_R
   Definitions
      At line 21 in file main.s
   Uses
      None
Comment: GPIO_PORTE_PCTL_R unused
SYSCTL_RCGC2_R 400FE108

Symbol: SYSCTL_RCGC2_R
   Definitions
      At line 23 in file main.s
   Uses
      None
Comment: SYSCTL_RCGC2_R unused
SYSCTL_RCGCGPIO_R 400FE608

Symbol: SYSCTL_RCGCGPIO_R



ARM Macro Assembler    Page 2 Alphabetic symbol ordering
Absolute symbols

   Definitions
      At line 22 in file main.s
   Uses
      At line 42 in file main.s
Comment: SYSCTL_RCGCGPIO_R used once
8 symbols
345 symbols in table
