


ARM Macro Assembler    Page 1 


    1 00000000         ;****************** main.s ***************
    2 00000000         ; Program written by: put your names here
    3 00000000         ; Date Created: 1/24/2015 
    4 00000000         ; Last Modified: 1/24/2015 
    5 00000000         ; Section 1-2pm     TA: Wooseok Lee
    6 00000000         ; Lab number: 3
    7 00000000         ; Brief description of the program
    8 00000000         ;   If the switch is presses, the LED toggles at 8 Hz
    9 00000000         ; Hardware connections
   10 00000000         ;  PE0 is switch input  (1 means pressed, 0 means not pr
                       essed)
   11 00000000         ;  PE1 is LED output (1 activates external LED on protob
                       oard) 
   12 00000000         ;Overall functionality of this system is the similar to 
                       Lab 2, with five changes:
   13 00000000         ;1-  the pin to which we connect the switch is moved to 
                       PE0, 
   14 00000000         ;2-  you will have to remove the PUR initialization beca
                       use pull up is no longer needed. 
   15 00000000         ;3-  the pin to which we connect the LED is moved to PE1
                       , 
   16 00000000         ;4-  the switch is changed from negative to positive log
                       ic, and 
   17 00000000         ;5-  you should increase the delay so it flashes about 8
                        Hz.
   18 00000000         ; Operation
   19 00000000         ; 1) Make PE1 an output and make PE0 an input. 
   20 00000000         ; 2) The system starts with the LED on (make PE1 =1). 
   21 00000000         ;   3) Wait about 62 ms
   22 00000000         ;   4) If the switch is pressed (PE0 is 1), then toggle 
                       the LED once, else turn the LED on. 
   23 00000000         ;   5) Steps 3 and 4 are repeated over and over
   24 00000000         
   25 00000000         
   26 00000000 400243FC 
                       GPIO_PORTE_DATA_R
                               EQU              0x400243FC
   27 00000000 40024400 
                       GPIO_PORTE_DIR_R
                               EQU              0x40024400
   28 00000000 40024420 
                       GPIO_PORTE_AFSEL_R
                               EQU              0x40024420
   29 00000000 4002451C 
                       GPIO_PORTE_DEN_R
                               EQU              0x4002451C
   30 00000000 40024528 
                       GPIO_PORTE_AMSEL_R
                               EQU              0x40024528
   31 00000000 4002452C 
                       GPIO_PORTE_PCTL_R
                               EQU              0x4002452C
   32 00000000 400FE608 
                       SYSCTL_RCGCGPIO_R
                               EQU              0x400FE608
   33 00000000                 IMPORT           TExaS_Init
   34 00000000                 AREA             |.text|, CODE, READONLY, ALIGN=
2
   35 00000000                 THUMB



ARM Macro Assembler    Page 2 


   36 00000000                 EXPORT           Start
   37 00000000         Start
   38 00000000         ; TExaS_Init sets bus clock at 80 MHz
   39 00000000 F7FF FFFE       BL               TExaS_Init  ; voltmeter, scope 
                                                            on PD3
   40 00000004         ; you initialize PE1 PE0
   41 00000004 F000 F81A       BL               init
   42 00000008         ; R1 now contains DATA_R address,don't mess with it
   43 00000008         
   44 00000008 B662            CPSIE            I           ; TExaS voltmeter, 
                                                            scope runs on inter
                                                            rupts
   45 0000000A         ;CPSIE I enables interrupts
   46 0000000A         
   47 0000000A         loop
   48 0000000A         ; you input output delay
   49 0000000A F000 F80E       BL               delay
   50 0000000E 6808            LDR              R0, [R1]    ;R1 still contains 
                                                            DATA_R address  
   51 00000010 F010 0001       ANDS             R0, #0x01
   52 00000014 D104            BNE              ToggleLED
   53 00000016         TurnLED_ON
   54 00000016 6808            LDR              R0, [R1]
   55 00000018 F040 0002       ORR              R0, #0x02
   56 0000001C 6008            STR              R0, [R1]
   57 0000001E E7F4            B                loop
   58 00000020         ToggleLED
   59 00000020 6808            LDR              R0, [R1]
   60 00000022 F080 0002       EOR              R0, #0x02
   61 00000026 6008            STR              R0, [R1]
   62 00000028 E7EF            B                loop
   63 0000002A         
   64 0000002A         
   65 0000002A         delay
   66 0000002A         ;LED should be slowed to 8Hz
   67 0000002A         ;16MHz/8Hz= 2E6 (total clock cycles)
   68 0000002A         ;approx 4 cycles per wait loop
   69 0000002A         ;2E6/4= 500000 = 0x7A120 or 4000 x 125, 4000=0xFA0
   70 0000002A F44F 607A       MOV              R0, #0x0FA0
   71 0000002E F04F 027D       MOV              R2, #125
   72 00000032 FB00 F002       MUL              R0, R0, R2
   73 00000036         wait
   74 00000036 3801            SUBS             R0, #0x01   ;1 cycle
   75 00000038 D1FD            BNE              wait        ;average 3 cycles
   76 0000003A 4770            BX               LR
   77 0000003C         init
   78 0000003C         ; Turn on Port E clock
   79 0000003C 4911            LDR              R1, = SYSCTL_RCGCGPIO_R
   80 0000003E 6808            LDR              R0, [R1]
   81 00000040 F040 0010       ORR              R0, #0x10
   82 00000044 6008            STR              R0, [R1]
   83 00000046 BF00            NOP
   84 00000048 BF00            NOP
   85 0000004A         ;Set Pin Directions
   86 0000004A 490F            LDR              R1, = GPIO_PORTE_DIR_R
   87 0000004C 6808            LDR              R0, [R1]    ;
   88 0000004E F020 0001       BIC              R0, #0x01
   89 00000052 F040 0002       ORR              R0, #0x02
   90 00000056 6008            STR              R0, [R1]



ARM Macro Assembler    Page 3 


   91 00000058         ; Enable Digital Pins
   92 00000058 490C            LDR              R1, = GPIO_PORTE_DEN_R
   93 0000005A 6808            LDR              R0, [R1]
   94 0000005C F040 0003       ORR              R0, #0x03
   95 00000060 6008            STR              R0, [R1]
   96 00000062         ; Disable Analog 
   97 00000062 490B            LDR              R1, = GPIO_PORTE_AMSEL_R
   98 00000064 6808            LDR              R0, [R1]
   99 00000066 F020 0003       BIC              R0, #0x03
  100 0000006A 6008            STR              R0, [R1]
  101 0000006C         ; Disable Alternate Functions
  102 0000006C 4909            LDR              R1, = GPIO_PORTE_AFSEL_R
  103 0000006E 6808            LDR              R0, [R1]
  104 00000070 F020 0003       BIC              R0, #0x03
  105 00000074 6008            STR              R0, [R1]
  106 00000076         ; Set Data Register so that LED is on
  107 00000076 4908            LDR              R1, = GPIO_PORTE_DATA_R
  108 00000078 6808            LDR              R0, [R1]
  109 0000007A F040 0002       ORR              R0, #0x02
  110 0000007E 6008            STR              R0, [R1]
  111 00000080 4770            BX               LR
  112 00000082 00 00           ALIGN                        ; make sure the end
                                                             of this section is
                                                             aligned
  113 00000084                 END                          ; end of file
              400FE608 
              40024400 
              4002451C 
              40024528 
              40024420 
              400243FC 
Command Line: --debug --xref --cpu=Cortex-M4 --apcs=interwork --depend=.\main.d
 -o.\main.o -IC:\Keil\ARM\RV31\INC -IC:\Keil\ARM\CMSIS\Include -IC:\Keil\ARM\In
c\Luminary --predefine="__EVAL SETA 1" --list=.\main.lst main.s



ARM Macro Assembler    Page 1 Alphabetic symbol ordering
Relocatable symbols

.text 00000000

Symbol: .text
   Definitions
      At line 34 in file main.s
   Uses
      None
Comment: .text unused
Start 00000000

Symbol: Start
   Definitions
      At line 37 in file main.s
   Uses
      At line 36 in file main.s
Comment: Start used once
ToggleLED 00000020

Symbol: ToggleLED
   Definitions
      At line 58 in file main.s
   Uses
      At line 52 in file main.s
Comment: ToggleLED used once
TurnLED_ON 00000016

Symbol: TurnLED_ON
   Definitions
      At line 53 in file main.s
   Uses
      None
Comment: TurnLED_ON unused
delay 0000002A

Symbol: delay
   Definitions
      At line 65 in file main.s
   Uses
      At line 49 in file main.s
Comment: delay used once
init 0000003C

Symbol: init
   Definitions
      At line 77 in file main.s
   Uses
      At line 41 in file main.s
Comment: init used once
loop 0000000A

Symbol: loop
   Definitions
      At line 47 in file main.s
   Uses
      At line 57 in file main.s
      At line 62 in file main.s

wait 00000036




ARM Macro Assembler    Page 2 Alphabetic symbol ordering
Relocatable symbols

Symbol: wait
   Definitions
      At line 73 in file main.s
   Uses
      At line 75 in file main.s
Comment: wait used once
8 symbols



ARM Macro Assembler    Page 1 Alphabetic symbol ordering
Absolute symbols

GPIO_PORTE_AFSEL_R 40024420

Symbol: GPIO_PORTE_AFSEL_R
   Definitions
      At line 28 in file main.s
   Uses
      At line 102 in file main.s
Comment: GPIO_PORTE_AFSEL_R used once
GPIO_PORTE_AMSEL_R 40024528

Symbol: GPIO_PORTE_AMSEL_R
   Definitions
      At line 30 in file main.s
   Uses
      At line 97 in file main.s
Comment: GPIO_PORTE_AMSEL_R used once
GPIO_PORTE_DATA_R 400243FC

Symbol: GPIO_PORTE_DATA_R
   Definitions
      At line 26 in file main.s
   Uses
      At line 107 in file main.s
Comment: GPIO_PORTE_DATA_R used once
GPIO_PORTE_DEN_R 4002451C

Symbol: GPIO_PORTE_DEN_R
   Definitions
      At line 29 in file main.s
   Uses
      At line 92 in file main.s
Comment: GPIO_PORTE_DEN_R used once
GPIO_PORTE_DIR_R 40024400

Symbol: GPIO_PORTE_DIR_R
   Definitions
      At line 27 in file main.s
   Uses
      At line 86 in file main.s
Comment: GPIO_PORTE_DIR_R used once
GPIO_PORTE_PCTL_R 4002452C

Symbol: GPIO_PORTE_PCTL_R
   Definitions
      At line 31 in file main.s
   Uses
      None
Comment: GPIO_PORTE_PCTL_R unused
SYSCTL_RCGCGPIO_R 400FE608

Symbol: SYSCTL_RCGCGPIO_R
   Definitions
      At line 32 in file main.s
   Uses
      At line 79 in file main.s
Comment: SYSCTL_RCGCGPIO_R used once
7 symbols



ARM Macro Assembler    Page 1 Alphabetic symbol ordering
External symbols

TExaS_Init 00000000

Symbol: TExaS_Init
   Definitions
      At line 33 in file main.s
   Uses
      At line 39 in file main.s
Comment: TExaS_Init used once
1 symbol
349 symbols in table
