


ARM Macro Assembler    Page 1 


    1 00000000         ;****************** main.s ***************
    2 00000000         ; Program written by: put your names here
    3 00000000         ; Date Created: 1/24/2015 
    4 00000000         ; Last Modified: 1/24/2015 
    5 00000000         ; Section 1-2pm     TA: Wooseok Lee
    6 00000000         ; Lab number: 4
    7 00000000         ; Brief description of the program
    8 00000000         ;   If the switch is presses, the LED toggles at 8 Hz
    9 00000000         ; Hardware connections
   10 00000000         ;  PE0 is switch input  (1 means pressed, 0 means not pr
                       essed)
   11 00000000         ;  PE1 is LED output (1 activates external LED on protob
                       oard) 
   12 00000000         ;Overall functionality of this system is the similar to 
                       Lab 3, with four changes:
   13 00000000         ;1-  activate the PLL to run at 80 MHz (12.5ns bus cycle
                        time) 
   14 00000000         ;2-  initialize SysTick with RELOAD 0x00FFFFFF 
   15 00000000         ;3-  add a heartbeat to PF2 that toggles every time thro
                       ugh loop 
   16 00000000         ;4-  add debugging dump of input, output, and time
   17 00000000         ; Operation
   18 00000000         ; 1) Make PE1 an output and make PE0 an input. 
   19 00000000         ; 2) The system starts with the LED on (make PE1 =1). 
   20 00000000         ;   3) Wait about 62 ms
   21 00000000         ;   4) If the switch is pressed (PE0 is 1), then toggle 
                       the LED once, else turn the LED on. 
   22 00000000         ;   5) Steps 3 and 4 are repeated over and over
   23 00000000         
   24 00000000         
   25 00000000 40024004 
                       SWITCH  EQU              0x40024004  ;PE0
   26 00000000 40024008 
                       LED     EQU              0x40024008  ;PE1
   27 00000000 400FE608 
                       SYSCTL_RCGCGPIO_R
                               EQU              0x400FE608
   28 00000000 00000010 
                       SYSCTL_RCGC2_GPIOE
                               EQU              0x00000010  ; port E Clock Gati
                                                            ng Control
   29 00000000 00000020 
                       SYSCTL_RCGC2_GPIOF
                               EQU              0x00000020  ; port F Clock Gati
                                                            ng Control
   30 00000000 400243FC 
                       GPIO_PORTE_DATA_R
                               EQU              0x400243FC
   31 00000000 40024400 
                       GPIO_PORTE_DIR_R
                               EQU              0x40024400
   32 00000000 40024420 
                       GPIO_PORTE_AFSEL_R
                               EQU              0x40024420
   33 00000000 40024510 
                       GPIO_PORTE_PUR_R
                               EQU              0x40024510
   34 00000000 4002451C 
                       GPIO_PORTE_DEN_R



ARM Macro Assembler    Page 2 


                               EQU              0x4002451C
   35 00000000 400253FC 
                       GPIO_PORTF_DATA_R
                               EQU              0x400253FC
   36 00000000 40025400 
                       GPIO_PORTF_DIR_R
                               EQU              0x40025400
   37 00000000 40025420 
                       GPIO_PORTF_AFSEL_R
                               EQU              0x40025420
   38 00000000 4002551C 
                       GPIO_PORTF_DEN_R
                               EQU              0x4002551C
   39 00000000 E000E010 
                       NVIC_ST_CTRL_R
                               EQU              0xE000E010
   40 00000000 E000E014 
                       NVIC_ST_RELOAD_R
                               EQU              0xE000E014
   41 00000000 E000E018 
                       NVIC_ST_CURRENT_R
                               EQU              0xE000E018
   42 00000000                 THUMB
   43 00000000                 AREA             DATA, ALIGN=4
   44 00000000 00000032 
                       SIZE    EQU              50
   45 00000000         ;You MUST use these two buffers and two variables
   46 00000000         ;You MUST not change their names
   47 00000000         ;These names MUST be exported
   48 00000000                 EXPORT           DataBuffer
   49 00000000                 EXPORT           TimeBuffer
   50 00000000                 EXPORT           DataPt [DATA,SIZE=4]
   51 00000000                 EXPORT           TimePt [DATA,SIZE=4]
   52 00000000 00 00 00 
              00 00 00 
              00 00 00 
              00 00 00 
              00 00 00 
              00 00 00 
              00 00 00 
              00 00 00 
              00 00 00 
              00 00 00 
              00 00 00 
              00 00 00 
              00 00 00 
              00 00 00 
              00 00 00 
              00 00 00 
              00 00 00 
              00 00 00 
              00 00 00 
              00 00 00 
              00 00 00 
              00 00 00 
              00 00 00 
              00 00 00 
              00 00 00 
              00 00 00 



ARM Macro Assembler    Page 3 


              00 00 00 
              00 00 00 
              00 00 00 
              00 00 00 
              00 00 00 
              00 00 00 
              00 00 00 
              00 00 00 
              00 00 00 
              00 00 00 
              00 00 00 
              00 00 00 
              00 00 00 
              00 00 00 
              00 00 00 
              00 00 00 
              00 00 00 
              00 00 00 
              00 00 00 
              00 00 00 
              00 00 00 
              00 00 00 
              00 00 00 
              00 00 00 
              00 00 00 
              00 00 00 
              00 00 00 
              00 00 00 
              00 00 00 
              00 00 00 
              00 00 00 
              00 00 00 
              00 00 00 
              00 00 00 
              00 00 00 
              00 00 00 
              00 00 00 
              00 00 00 
              00 00 00 
              00 00 00 
              00 00    DataBuffer
                               SPACE            SIZE*4
   53 000000C8 00 00 00 
              00 00 00 
              00 00 00 
              00 00 00 
              00 00 00 
              00 00 00 
              00 00 00 
              00 00 00 
              00 00 00 
              00 00 00 
              00 00 00 
              00 00 00 
              00 00 00 
              00 00 00 
              00 00 00 
              00 00 00 
              00 00 00 



ARM Macro Assembler    Page 4 


              00 00 00 
              00 00 00 
              00 00 00 
              00 00 00 
              00 00 00 
              00 00 00 
              00 00 00 
              00 00 00 
              00 00 00 
              00 00 00 
              00 00 00 
              00 00 00 
              00 00 00 
              00 00 00 
              00 00 00 
              00 00 00 
              00 00 00 
              00 00 00 
              00 00 00 
              00 00 00 
              00 00 00 
              00 00 00 
              00 00 00 
              00 00 00 
              00 00 00 
              00 00 00 
              00 00 00 
              00 00 00 
              00 00 00 
              00 00 00 
              00 00 00 
              00 00 00 
              00 00 00 
              00 00 00 
              00 00 00 
              00 00 00 
              00 00 00 
              00 00 00 
              00 00 00 
              00 00 00 
              00 00 00 
              00 00 00 
              00 00 00 
              00 00 00 
              00 00 00 
              00 00 00 
              00 00 00 
              00 00 00 
              00 00 00 
              00 00    TimeBuffer
                               SPACE            SIZE*4
   54 00000190 00 00 00 
              00       DataPt  SPACE            4
   55 00000194 00 00 00 
              00       TimePt  SPACE            4
   56 00000198         
   57 00000198         
   58 00000198                 ALIGN
   59 00000198                 AREA             |.text|, CODE, READONLY, ALIGN=



ARM Macro Assembler    Page 5 


2
   60 00000000                 THUMB
   61 00000000                 EXPORT           Start
   62 00000000                 IMPORT           TExaS_Init
   63 00000000         
   64 00000000         
   65 00000000 F7FF FFFE 
                       Start   BL               TExaS_Init  ; running at 80 MHz
                                                            , scope voltmeter o
                                                            n PD3
   66 00000004         ; initialize Port E
   67 00000004         ; initialize Port F
   68 00000004         ; initialize debugging dump, including SysTick
   69 00000004         
   70 00000004         
   71 00000004 B662            CPSIE            I           ; TExaS voltmeter, 
                                                            scope runs on inter
                                                            rupts
   72 00000006 F000 F802 
                       loop    BL               Debug_Capture
   73 0000000A         ;heartbeat
   74 0000000A         ; Delay
   75 0000000A         ;input PE0 test output PE1
   76 0000000A E7FC            B                loop
   77 0000000C         
   78 0000000C         
   79 0000000C         ;------------Debug_Init------------
   80 0000000C         ; Initializes the debugging instrument
   81 0000000C         ; Input: none
   82 0000000C         ; Output: none
   83 0000000C         ; Modifies: none
   84 0000000C         ; Note: push/pop an even number of registers so C compil
                       er is happy
   85 0000000C         Debug_Init
   86 0000000C         
   87 0000000C         ; init SysTick
   88 0000000C         
   89 0000000C 4770            BX               LR
   90 0000000E         
   91 0000000E         ;------------Debug_Capture------------
   92 0000000E         ; Dump Port E and time into buffers
   93 0000000E         ; Input: none
   94 0000000E         ; Output: none
   95 0000000E         ; Modifies: none
   96 0000000E         ; Note: push/pop an even number of registers so C compil
                       er is happy
   97 0000000E         Debug_Capture
   98 0000000E         
   99 0000000E 4770            BX               LR
  100 00000010         
  101 00000010         
  102 00000010                 ALIGN                        ; make sure the end
                                                             of this section is
                                                             aligned
  103 00000010                 END                          ; end of file
Command Line: --debug --xref --cpu=Cortex-M4 --apcs=interwork --depend=.\main.d
 -o.\main.o -IC:\Keil\ARM\RV31\INC -IC:\Keil\ARM\CMSIS\Include -IC:\Keil\ARM\In
c\Luminary --predefine="__EVAL SETA 1" --list=.\main.lst main.s



ARM Macro Assembler    Page 1 Alphabetic symbol ordering
Relocatable symbols

DATA 00000000

Symbol: DATA
   Definitions
      At line 43 in file main.s
   Uses
      None
Comment: DATA unused
DataBuffer 00000000

Symbol: DataBuffer
   Definitions
      At line 52 in file main.s
   Uses
      At line 48 in file main.s
Comment: DataBuffer used once
DataPt 00000190

Symbol: DataPt
   Definitions
      At line 54 in file main.s
   Uses
      At line 50 in file main.s
Comment: DataPt used once
TimeBuffer 000000C8

Symbol: TimeBuffer
   Definitions
      At line 53 in file main.s
   Uses
      At line 49 in file main.s
Comment: TimeBuffer used once
TimePt 00000194

Symbol: TimePt
   Definitions
      At line 55 in file main.s
   Uses
      At line 51 in file main.s
Comment: TimePt used once
5 symbols



ARM Macro Assembler    Page 1 Alphabetic symbol ordering
Relocatable symbols

.text 00000000

Symbol: .text
   Definitions
      At line 59 in file main.s
   Uses
      None
Comment: .text unused
Debug_Capture 0000000E

Symbol: Debug_Capture
   Definitions
      At line 97 in file main.s
   Uses
      At line 72 in file main.s
Comment: Debug_Capture used once
Debug_Init 0000000C

Symbol: Debug_Init
   Definitions
      At line 85 in file main.s
   Uses
      None
Comment: Debug_Init unused
Start 00000000

Symbol: Start
   Definitions
      At line 65 in file main.s
   Uses
      At line 61 in file main.s
Comment: Start used once
loop 00000006

Symbol: loop
   Definitions
      At line 72 in file main.s
   Uses
      At line 76 in file main.s
Comment: loop used once
5 symbols



ARM Macro Assembler    Page 1 Alphabetic symbol ordering
Absolute symbols

GPIO_PORTE_AFSEL_R 40024420

Symbol: GPIO_PORTE_AFSEL_R
   Definitions
      At line 32 in file main.s
   Uses
      None
Comment: GPIO_PORTE_AFSEL_R unused
GPIO_PORTE_DATA_R 400243FC

Symbol: GPIO_PORTE_DATA_R
   Definitions
      At line 30 in file main.s
   Uses
      None
Comment: GPIO_PORTE_DATA_R unused
GPIO_PORTE_DEN_R 4002451C

Symbol: GPIO_PORTE_DEN_R
   Definitions
      At line 34 in file main.s
   Uses
      None
Comment: GPIO_PORTE_DEN_R unused
GPIO_PORTE_DIR_R 40024400

Symbol: GPIO_PORTE_DIR_R
   Definitions
      At line 31 in file main.s
   Uses
      None
Comment: GPIO_PORTE_DIR_R unused
GPIO_PORTE_PUR_R 40024510

Symbol: GPIO_PORTE_PUR_R
   Definitions
      At line 33 in file main.s
   Uses
      None
Comment: GPIO_PORTE_PUR_R unused
GPIO_PORTF_AFSEL_R 40025420

Symbol: GPIO_PORTF_AFSEL_R
   Definitions
      At line 37 in file main.s
   Uses
      None
Comment: GPIO_PORTF_AFSEL_R unused
GPIO_PORTF_DATA_R 400253FC

Symbol: GPIO_PORTF_DATA_R
   Definitions
      At line 35 in file main.s
   Uses
      None
Comment: GPIO_PORTF_DATA_R unused
GPIO_PORTF_DEN_R 4002551C

Symbol: GPIO_PORTF_DEN_R



ARM Macro Assembler    Page 2 Alphabetic symbol ordering
Absolute symbols

   Definitions
      At line 38 in file main.s
   Uses
      None
Comment: GPIO_PORTF_DEN_R unused
GPIO_PORTF_DIR_R 40025400

Symbol: GPIO_PORTF_DIR_R
   Definitions
      At line 36 in file main.s
   Uses
      None
Comment: GPIO_PORTF_DIR_R unused
LED 40024008

Symbol: LED
   Definitions
      At line 26 in file main.s
   Uses
      None
Comment: LED unused
NVIC_ST_CTRL_R E000E010

Symbol: NVIC_ST_CTRL_R
   Definitions
      At line 39 in file main.s
   Uses
      None
Comment: NVIC_ST_CTRL_R unused
NVIC_ST_CURRENT_R E000E018

Symbol: NVIC_ST_CURRENT_R
   Definitions
      At line 41 in file main.s
   Uses
      None
Comment: NVIC_ST_CURRENT_R unused
NVIC_ST_RELOAD_R E000E014

Symbol: NVIC_ST_RELOAD_R
   Definitions
      At line 40 in file main.s
   Uses
      None
Comment: NVIC_ST_RELOAD_R unused
SIZE 00000032

Symbol: SIZE
   Definitions
      At line 44 in file main.s
   Uses
      At line 52 in file main.s
      At line 53 in file main.s

SWITCH 40024004

Symbol: SWITCH
   Definitions
      At line 25 in file main.s



ARM Macro Assembler    Page 3 Alphabetic symbol ordering
Absolute symbols

   Uses
      None
Comment: SWITCH unused
SYSCTL_RCGC2_GPIOE 00000010

Symbol: SYSCTL_RCGC2_GPIOE
   Definitions
      At line 28 in file main.s
   Uses
      None
Comment: SYSCTL_RCGC2_GPIOE unused
SYSCTL_RCGC2_GPIOF 00000020

Symbol: SYSCTL_RCGC2_GPIOF
   Definitions
      At line 29 in file main.s
   Uses
      None
Comment: SYSCTL_RCGC2_GPIOF unused
SYSCTL_RCGCGPIO_R 400FE608

Symbol: SYSCTL_RCGCGPIO_R
   Definitions
      At line 27 in file main.s
   Uses
      None
Comment: SYSCTL_RCGCGPIO_R unused
18 symbols



ARM Macro Assembler    Page 1 Alphabetic symbol ordering
External symbols

TExaS_Init 00000000

Symbol: TExaS_Init
   Definitions
      At line 62 in file main.s
   Uses
      At line 65 in file main.s
Comment: TExaS_Init used once
1 symbol
360 symbols in table
