


ARM Macro Assembler    Page 1 


    1 00000000         ;****************** main.s ***************
    2 00000000         ; Program written by: put your names here
    3 00000000         ; Date Created: 1/24/2015 
    4 00000000         ; Last Modified: 1/24/2015 
    5 00000000         ; Section 1-2pm     TA: Saugata Bhattacharyya
    6 00000000         ; Lab number: 2
    7 00000000         ; Brief description of the program
    8 00000000         ; The overall objective of this system is a digital lock
                       
    9 00000000         ; Hardware connections
   10 00000000         ;  PF4 is switch input  (1 means SW1 is not pressed, 0 m
                       eans SW1 is pressed)
   11 00000000         ;  PF2 is LED output (1 activates blue LED) 
   12 00000000         ; The specific operation of this system 
   13 00000000         ;    1) Make PF2 an output and make PF4 an input (enable
                        PUR for PF4). 
   14 00000000         ;    2) The system starts with the LED ON (make PF2 =1).
                        
   15 00000000         ;    3) Delay for about 1 ms
   16 00000000         ;    4) If the switch is pressed (PF4 is 0), then toggle
                        the LED once, else turn the LED ON. 
   17 00000000         ;    5) Repeat steps 3 and 4 over and over
   18 00000000         
   19 00000000 400253FC 
                       GPIO_PORTF_DATA_R
                               EQU              0x400253FC
   20 00000000 40025400 
                       GPIO_PORTF_DIR_R
                               EQU              0x40025400
   21 00000000 40025420 
                       GPIO_PORTF_AFSEL_R
                               EQU              0x40025420
   22 00000000 40025510 
                       GPIO_PORTF_PUR_R
                               EQU              0x40025510
   23 00000000 4002551C 
                       GPIO_PORTF_DEN_R
                               EQU              0x4002551C
   24 00000000 40025528 
                       GPIO_PORTF_AMSEL_R
                               EQU              0x40025528
   25 00000000 4002552C 
                       GPIO_PORTF_PCTL_R
                               EQU              0x4002552C
   26 00000000 400FE608 
                       SYSCTL_RCGCGPIO_R
                               EQU              0x400FE608
   27 00000000         
   28 00000000                 AREA             |.text|, CODE, READONLY, ALIGN=
2
   29 00000000                 THUMB
   30 00000000                 EXPORT           Start
   31 00000000         Start
   32 00000000 F000 F815       BL               init
   33 00000004         loop
   34 00000004 F000 F80E       BL               delay
   35 00000008 6808            LDR              R0,[R1]     ;
   36 0000000A F010 0010       ANDS             R0,#0x10    ;ANDS is needed to 
                                                            set NPVC flags



ARM Macro Assembler    Page 2 


   37 0000000E D104            BNE              TurnLED_ON
   38 00000010         ToggleLED
   39 00000010 6808            LDR              R0,[R1]
   40 00000012 F080 0004       EOR              R0,#0x04
   41 00000016 6008            STR              R0,[R1]
   42 00000018 E7F4            B                loop
   43 0000001A         TurnLED_ON
   44 0000001A 6808            LDR              R0,[R1]     ;
   45 0000001C F040 0004       ORR              R0,#0x04
   46 00000020 6008            STR              R0,[R1]     ;
   47 00000022 E7EF            B                loop
   48 00000024         delay
   49 00000024 F44F 607A       MOV              R0,#0xFA0   ;1 Cycle
   50 00000028         wait
   51 00000028 3801            SUBS             R0,#0x01    ;1 Cycle
   52 0000002A D1FD            BNE              wait        ;(1 or 1 + p) [Aver
                                                            age 3 Cycles]
   53 0000002C 4770            BX               LR          ;
   54 0000002E         init
   55 0000002E         ;Turn on Port F Clock
   56 0000002E 4912            LDR              R1, = SYSCTL_RCGCGPIO_R ;
   57 00000030 6808            LDR              R0, [R1]    ;
   58 00000032 F040 0020       ORR              R0,#0x20    ;
   59 00000036 6008            STR              R0,[R1]     ;
   60 00000038 BF00            NOP
   61 0000003A BF00            NOP
   62 0000003C         ;Set Pin Directions
   63 0000003C 490F            LDR              R1, = GPIO_PORTF_DIR_R ;
   64 0000003E 6808            LDR              R0, [R1]    ;
   65 00000040 F020 0010       BIC              R0,#0x10    ;
   66 00000044 F040 0004       ORR              R0,#0x04    ;
   67 00000048 6008            STR              R0,[R1]     ;
   68 0000004A         ;Turn off Alternate Functions
   69 0000004A 490D            LDR              R1, = GPIO_PORTF_AFSEL_R ;
   70 0000004C 6808            LDR              R0, [R1]    ;
   71 0000004E F020 0014       BIC              R0,#0x14    ;
   72 00000052 6008            STR              R0,[R1]     ;
   73 00000054         ;Enable Digital Pins
   74 00000054 490B            LDR              R1, = GPIO_PORTF_DEN_R ;
   75 00000056 6808            LDR              R0, [R1]    ;
   76 00000058 F040 0014       ORR              R0,#0x14    ;
   77 0000005C 6008            STR              R0,[R1]     ;
   78 0000005E         ;PULL UP RESISTOR ENABLED!!!
   79 0000005E 490A            LDR              R1, = GPIO_PORTF_PUR_R
   80 00000060 6800            LDR              R0,[R0]
   81 00000062 F040 0010       ORR              R0,#0x10
   82 00000066 F020 0004       BIC              R0,#0x04
   83 0000006A 6008            STR              R0,[R1]
   84 0000006C         ;SET PF2 =1 System starts like this
   85 0000006C 4907            LDR              R1, = GPIO_PORTF_DATA_R ;
   86 0000006E 6808            LDR              R0,[R1]     ;
   87 00000070 F040 0004       ORR              R0,#0x04    ;
   88 00000074 6008            STR              R0,[R1]     ;
   89 00000076 4770            BX               LR
   90 00000078         
   91 00000078                 ALIGN                        ; make sure the end
                                                             of this section is
                                                             aligned
   92 00000078                 END                          ; end of file



ARM Macro Assembler    Page 3 


              400FE608 
              40025400 
              40025420 
              4002551C 
              40025510 
              400253FC 
Command Line: --debug --xref --cpu=Cortex-M4 --apcs=interwork --depend=.\main.d
 -o.\main.o -IC:\Keil\ARM\RV31\INC -IC:\Keil\ARM\CMSIS\Include -IC:\Keil\ARM\In
c\Luminary --predefine="__EVAL SETA 1" --list=.\main.lst main.s



ARM Macro Assembler    Page 1 Alphabetic symbol ordering
Relocatable symbols

.text 00000000

Symbol: .text
   Definitions
      At line 28 in file main.s
   Uses
      None
Comment: .text unused
Start 00000000

Symbol: Start
   Definitions
      At line 31 in file main.s
   Uses
      At line 30 in file main.s
Comment: Start used once
ToggleLED 00000010

Symbol: ToggleLED
   Definitions
      At line 38 in file main.s
   Uses
      None
Comment: ToggleLED unused
TurnLED_ON 0000001A

Symbol: TurnLED_ON
   Definitions
      At line 43 in file main.s
   Uses
      At line 37 in file main.s
Comment: TurnLED_ON used once
delay 00000024

Symbol: delay
   Definitions
      At line 48 in file main.s
   Uses
      At line 34 in file main.s
Comment: delay used once
init 0000002E

Symbol: init
   Definitions
      At line 54 in file main.s
   Uses
      At line 32 in file main.s
Comment: init used once
loop 00000004

Symbol: loop
   Definitions
      At line 33 in file main.s
   Uses
      At line 42 in file main.s
      At line 47 in file main.s

wait 00000028




ARM Macro Assembler    Page 2 Alphabetic symbol ordering
Relocatable symbols

Symbol: wait
   Definitions
      At line 50 in file main.s
   Uses
      At line 52 in file main.s
Comment: wait used once
8 symbols



ARM Macro Assembler    Page 1 Alphabetic symbol ordering
Absolute symbols

GPIO_PORTF_AFSEL_R 40025420

Symbol: GPIO_PORTF_AFSEL_R
   Definitions
      At line 21 in file main.s
   Uses
      At line 69 in file main.s
Comment: GPIO_PORTF_AFSEL_R used once
GPIO_PORTF_AMSEL_R 40025528

Symbol: GPIO_PORTF_AMSEL_R
   Definitions
      At line 24 in file main.s
   Uses
      None
Comment: GPIO_PORTF_AMSEL_R unused
GPIO_PORTF_DATA_R 400253FC

Symbol: GPIO_PORTF_DATA_R
   Definitions
      At line 19 in file main.s
   Uses
      At line 85 in file main.s
Comment: GPIO_PORTF_DATA_R used once
GPIO_PORTF_DEN_R 4002551C

Symbol: GPIO_PORTF_DEN_R
   Definitions
      At line 23 in file main.s
   Uses
      At line 74 in file main.s
Comment: GPIO_PORTF_DEN_R used once
GPIO_PORTF_DIR_R 40025400

Symbol: GPIO_PORTF_DIR_R
   Definitions
      At line 20 in file main.s
   Uses
      At line 63 in file main.s
Comment: GPIO_PORTF_DIR_R used once
GPIO_PORTF_PCTL_R 4002552C

Symbol: GPIO_PORTF_PCTL_R
   Definitions
      At line 25 in file main.s
   Uses
      None
Comment: GPIO_PORTF_PCTL_R unused
GPIO_PORTF_PUR_R 40025510

Symbol: GPIO_PORTF_PUR_R
   Definitions
      At line 22 in file main.s
   Uses
      At line 79 in file main.s
Comment: GPIO_PORTF_PUR_R used once
SYSCTL_RCGCGPIO_R 400FE608

Symbol: SYSCTL_RCGCGPIO_R



ARM Macro Assembler    Page 2 Alphabetic symbol ordering
Absolute symbols

   Definitions
      At line 26 in file main.s
   Uses
      At line 56 in file main.s
Comment: SYSCTL_RCGCGPIO_R used once
8 symbols
349 symbols in table
